<?xml version="1.0" encoding="UTF-8"?>
<testsuite name="testSuite.Prueba" tests="1" skipped="0" failures="0" errors="0" timestamp="2023-10-12T16:26:44" hostname="siegfried-virtual-machine" time="10.545">
  <properties/>
  <testcase name="pruebaLogin" classname="testSuite.Prueba" time="10.545"/>
  <system-out><![CDATA[[PdfBciReport] closePDF
[PdfBciReport] createTitlePage
Temporal File: RRI7TUOJKNA7NU5 Deleted-
]]></system-out>
  <system-err><![CDATA[]]></system-err>
</testsuite>
