<?xml version="1.0" encoding="UTF-8"?>
<testsuite name="testSuite.Prueba" tests="1" skipped="0" failures="0" errors="0" timestamp="2023-10-10T18:18:38" hostname="siegfried-virtual-machine" time="2.778">
  <properties/>
  <testcase name="pruebaLogin" classname="testSuite.Prueba" time="2.778"/>
  <system-out><![CDATA[]]></system-out>
  <system-err><![CDATA[]]></system-err>
</testsuite>
